-------------------------------------------------------------------------------
Test set: com.example.restservicecors.GreetingIntegrationTests
-------------------------------------------------------------------------------
Tests run: 2, Failures: 0, Errors: 2, Skipped: 0, Time elapsed: 26.84 s <<< FAILURE! - in com.example.restservicecors.GreetingIntegrationTests
corsWithJavaconfig  Time elapsed: 0.001 s  <<< ERROR!
java.lang.IllegalStateException: Failed to load ApplicationContext
Caused by: org.springframework.beans.factory.BeanCreationException: Error creating bean with name 'greetingController': Lookup method resolution failed; nested exception is java.lang.IllegalStateException: Failed to introspect Class [com.example.restservicecors.GreetingController] from ClassLoader [jdk.internal.loader.ClassLoaders$AppClassLoader@2cdf8d8a]
Caused by: java.lang.IllegalStateException: Failed to introspect Class [com.example.restservicecors.GreetingController] from ClassLoader [jdk.internal.loader.ClassLoaders$AppClassLoader@2cdf8d8a]
Caused by: java.lang.NoClassDefFoundError: com/example/restservicecors/Greeting
Caused by: java.lang.ClassNotFoundException: com.example.restservicecors.Greeting

corsWithAnnotation  Time elapsed: 0.019 s  <<< ERROR!
org.springframework.web.client.RestClientException: Could not extract response: no suitable HttpMessageConverter found for response type [class com.example.restservicecors.Greeting] and content type [application/octet-stream]
	at com.example.restservicecors.GreetingIntegrationTests.corsWithAnnotation(GreetingIntegrationTests.java:25)

